C51 COMPILER V9.53.0.0   PWM                                                               07/14/2020 23:25:50 PAGE 1   


C51 COMPILER V9.53.0.0, COMPILATION OF MODULE PWM
OBJECT MODULE PLACED IN pwm.obj
COMPILER INVOKED BY: F:\MDK5\C51\BIN\C51.EXE PWM\pwm.c OPTIMIZE(8,SPEED) BROWSE INCDIR(.\PWM) DEBUG OBJECTEXTEND PRINT(.
                    -\pwm.lst) TABS(3) OBJECT(pwm.obj)

line level    source

   1          #include "pwm.h"
   2          #include "stc8.h"
   3          
   4          void Pwm_init(int L,int R)
   5          {
   6   1         P_SW2=0x80;  //需要将最高位EAXFR先置为1才能访问特殊寄存器
   7   1         PWMCKS=0x00;   //PWM时钟选择分频 0x00不分频
   8   1         PWMC=0x0600;   //计数器的值
   9   1         
  10   1         PWM2T1=(PWMC*(L/100)); //高低电平计数器的值
  11   1         //PWM1T2=0x0300;
  12   1         PWM4T1=PWMC-PWM2T1;
  13   1         PWM3T1=(PWMC*(R/100));
  14   1         PWM6T1=PWMC-PWM3T1;
  15   1         
  16   1         PWM2CR=0x80;   //PWM控制寄存器
  17   1         PWM3CR=0x80;
  18   1         PWM4CR=0x80;
  19   1         PWM6CR=0x80;
  20   1         P_SW2=0x00;    //关闭寄存器操作
  21   1         
  22   1         PWMCR=0x80; //使能PWM波
  23   1         while(1);
  24   1      }


MODULE INFORMATION:   STATIC OVERLAYABLE
   CODE SIZE        =    156    ----
   CONSTANT SIZE    =   ----    ----
   XDATA SIZE       =   ----    ----
   PDATA SIZE       =   ----    ----
   DATA SIZE        =   ----    ----
   IDATA SIZE       =   ----    ----
   BIT SIZE         =   ----    ----
END OF MODULE INFORMATION.


C51 COMPILATION COMPLETE.  0 WARNING(S),  0 ERROR(S)
