C51 COMPILER V9.53.0.0   TEXT1                                                             06/24/2020 03:18:57 PAGE 1   


C51 COMPILER V9.53.0.0, COMPILATION OF MODULE TEXT1
OBJECT MODULE PLACED IN text1.OBJ
COMPILER INVOKED BY: F:\MDK5\C51\BIN\C51.EXE text1.c OPTIMIZE(8,SPEED) BROWSE DEBUG OBJECTEXTEND TABS(3)

line level    source

   1          
   2          //P2.1输出pwm波
   3          
   4          #include "stc8.h"
   5          
   6          main()
   7          {
   8   1         P_SW2=0x80;  //需要将最高位EAXFR先置为1才能访问特殊寄存器
   9   1         PWMCKS=0x00;   //PWM时钟选择分频 0x00不分频
  10   1         PWMC=0x0600;   //计数器的值
  11   1         PWM2T1=0x0580; //高低电平计数器的值
  12   1         //PWM1T2=0x0300;
  13   1         PWM4T1=0x0020;
  14   1         PWM2CR=0x80;   //PWM控制寄存器
  15   1         PWM4CR=0x80;
  16   1         P_SW2=0x00;    //关闭寄存器操作
  17   1         
  18   1         PWMCR=0x80; //使能PWM波
  19   1         while(1);
  20   1      }


MODULE INFORMATION:   STATIC OVERLAYABLE
   CODE SIZE        =     54    ----
   CONSTANT SIZE    =   ----    ----
   XDATA SIZE       =   ----    ----
   PDATA SIZE       =   ----    ----
   DATA SIZE        =   ----    ----
   IDATA SIZE       =   ----    ----
   BIT SIZE         =   ----    ----
END OF MODULE INFORMATION.


C51 COMPILATION COMPLETE.  0 WARNING(S),  0 ERROR(S)
