C51 COMPILER V9.53.0.0   MAIN                                                              07/15/2020 01:07:54 PAGE 1   


C51 COMPILER V9.53.0.0, COMPILATION OF MODULE MAIN
OBJECT MODULE PLACED IN main.OBJ
COMPILER INVOKED BY: F:\MDK5\C51\BIN\C51.EXE main.c LARGE OPTIMIZE(8,SPEED) BROWSE INCDIR(..\delay;..\GUI;..\HARDWARE\ad
                    -;..\HARDWARE\pca;..\HARDWARE\spi;..\HARDWARE\xpt2046;..\MAIN;..\tft) DEBUG OBJECTEXTEND TABS(3)

line level    source

   1                             
   2          /*
   3          
   4             PCA测试
   5             说明 此程序利用16位PCA定时器 产生脉冲  在主频24M下 产生一个50000分频的脉冲 来控制led灯闪烁
   6                   PCA定时器的续值和定时器完全是不一样的  在手册794 16位软件定时器模式 有详细介绍
   7               
   8          */
   9          
  10          
  11          
  12          
  13          
  14          #include  "stc8.h"        //STC15头文件
  15          #include  "def.h"            //宏定义 常用函数
  16          #include  "delay.h"             //延时函数
  17          #include  "pca.h"
  18          
  19          
  20          
  21          void main()
  22          {     
  23   1      
  24   1         pca();                  //PCA16位定时器脉冲输出测试
  25   1         while(1);               //防止程序跑飞
  26   1            
  27   1      }
  28          
  29          
  30          
  31          
  32          
  33          


MODULE INFORMATION:   STATIC OVERLAYABLE
   CODE SIZE        =      5    ----
   CONSTANT SIZE    =   ----    ----
   XDATA SIZE       =   ----    ----
   PDATA SIZE       =   ----    ----
   DATA SIZE        =   ----    ----
   IDATA SIZE       =   ----    ----
   BIT SIZE         =   ----    ----
END OF MODULE INFORMATION.


C51 COMPILATION COMPLETE.  0 WARNING(S),  0 ERROR(S)
