C51 COMPILER V9.53.0.0   PCA                                                               07/15/2020 01:07:54 PAGE 1   


C51 COMPILER V9.53.0.0, COMPILATION OF MODULE PCA
OBJECT MODULE PLACED IN .\pca.obj
COMPILER INVOKED BY: F:\MDK5\C51\BIN\C51.EXE ..\HARDWARE\pca\pca.c LARGE OPTIMIZE(8,SPEED) BROWSE INCDIR(..\delay;..\GUI
                    -;..\HARDWARE\ad;..\HARDWARE\pca;..\HARDWARE\spi;..\HARDWARE\xpt2046;..\MAIN;..\tft) DEBUG OBJECTEXTEND PRINT(.\pca.lst) 
                    -TABS(3) OBJECT(.\pca.obj)

line level    source

   1          
   2          #include "stc8.h"
   3          
   4          #include "pca.h"
   5          
   6          
   7          void pca(void)
   8          {                 
   9   1         CCON = 0x00;
  10   1         CMOD = 0x09;
  11   1         CL = 0x00;
  12   1         CH = 0x00;
  13   1         CCAPM0 = 0x10;
  14   1         CCAP0L = 0x00;
  15   1         CCAP0H = 0x00;
  16   1         CR = 1;
  17   1         EA = 1;
  18   1      
  19   1         
  20   1      }
  21                    


MODULE INFORMATION:   STATIC OVERLAYABLE
   CODE SIZE        =     22    ----
   CONSTANT SIZE    =   ----    ----
   XDATA SIZE       =   ----    ----
   PDATA SIZE       =   ----    ----
   DATA SIZE        =   ----    ----
   IDATA SIZE       =   ----    ----
   BIT SIZE         =   ----    ----
END OF MODULE INFORMATION.


C51 COMPILATION COMPLETE.  0 WARNING(S),  0 ERROR(S)
