Removed Pin From Net: NetName=NetC28_2 Pin=U4-1
Removed Pin From Net: NetName=NetC28_2 Pin=U4-2
Removed Pin From Net: NetName=NetR25_2 Pin=U4-3
Removed Pin From Net: NetName=NetC10_2 Pin=U4-4
Removed Pin From Net: NetName=NetC10_2 Pin=U4-5
Removed Pin From Net: NetName=NetC10_2 Pin=U4-6
Removed Pin From Net: NetName=NetC10_2 Pin=U4-7
Removed Pin From Net: NetName=NetC10_1 Pin=U4-8
Removed Pin From Net: NetName=BOOST_IN Pin=U4-9
Removed Pin From Net: NetName=NetC29_1 Pin=U4-10
Removed Pin From Net: NetName=GND Pin=U4-11
Removed Pin From Net: NetName=GND Pin=U4-12
Removed Pin From Net: NetName=12V-VCC Pin=U4-14
Removed Pin From Net: NetName=12V-VCC Pin=U4-15
Removed Pin From Net: NetName=12V-VCC Pin=U4-16
Removed Pin From Net: NetName=NetR23_2 Pin=U4-17
Removed Pin From Net: NetName=NetC22_1 Pin=U4-18
Removed Pin From Net: NetName=NetR31_1 Pin=U4-19
Removed Pin From Net: NetName=GND Pin=U4-20
Removed Member From Class: ClassName=STC8a Member=U4
Change Component Footprint: Designator=L1 Old Footprint=L5*5 New Footprint=L8*8
