Removed Pin From Net: NetName=OUT-5V Pin=C32-2
Removed Pin From Net: NetName=OUT-5V Pin=P2-7
Removed Pin From Net: NetName=OUT-5V Pin=P3-1
Removed Pin From Net: NetName=OUT-5V Pin=P4-5
Removed Pin From Net: NetName=OUT-5V Pin=P4-6
Removed Pin From Net: NetName=OUT-5V Pin=P5-5
Removed Pin From Net: NetName=OUT-5V Pin=Q1-1
Removed Pin From Net: NetName=OUT-5V Pin=S1-3
Removed Pin From Net: NetName=OUT-5V Pin=U5-1
Added Component: Designator=D4(DIODE_SOP - duplicate1)
Add component (AddParameter): Name = "Code_JEDEC"; Value = "DO-214-AB"; VariantName = "[No Variations]"
Add component (AddParameter): Name = "LatestRevisionDate"; Value = "17-Jul-2002"; VariantName = "[No Variations]"
Add component (AddParameter): Name = "LatestRevisionNote"; Value = "Re-released for DXP Platform."; VariantName = "[No Variations]"
Add component (AddParameter): Name = "PackageDescription"; Value = "DO-214-AB/SMC; 2 C-Bend Leads; Body 7.9 x 5.9 mm, inc. leads (LxW)"; VariantName = "[No Variations]"
Add component (AddParameter): Name = "PackageReference"; Value = "SMC"; VariantName = "[No Variations]"
Add component (AddParameter): Name = "PackageVersion"; Value = "Sep-1996"; VariantName = "[No Variations]"
Add component (AddParameter): Name = "Published"; Value = "8-Jun-2000"; VariantName = "[No Variations]"
Add component (AddParameter): Name = "Publisher"; Value = "Altium Limited"; VariantName = "[No Variations]"
Added Pin To Net: NetName=OUT-5V Pin=D4-1
Added Pin To Net: NetName=5V-VCC Pin=C32-2
Added Pin To Net: NetName=5V-VCC Pin=D4-2
Added Pin To Net: NetName=5V-VCC Pin=P2-7
Added Pin To Net: NetName=5V-VCC Pin=P3-1
Added Pin To Net: NetName=5V-VCC Pin=P4-5
Added Pin To Net: NetName=5V-VCC Pin=P4-6
Added Pin To Net: NetName=5V-VCC Pin=P5-5
Added Pin To Net: NetName=5V-VCC Pin=Q1-1
Added Pin To Net: NetName=5V-VCC Pin=S1-3
Added Pin To Net: NetName=5V-VCC Pin=U5-1
Added Net: Name=5V-VCC
Added Member To Class: ClassName=STC8a Member=Component D4 DIODE
Added Room: Name=STC8a
