Removed Pin From Net: NetName=P0.0 Pin=J1-1
Removed Pin From Net: NetName=P0.1 Pin=J1-2
Removed Pin From Net: NetName=P0.2 Pin=J1-3
Removed Pin From Net: NetName=P0.3 Pin=J1-4
Removed Pin From Net: NetName=P0.7 Pin=J1-5
Removed Pin From Net: NetName=P1.1 Pin=J1-6
Removed Pin From Net: NetName=P1.2 Pin=J1-7
Removed Pin From Net: NetName=P3.7（INT3）干簧管 Pin=J1-8
Removed Member From Class: ClassName=STC8a Member=J1
Added Component: Designator=D2(DIODE_SOP - duplicate1)
Add component (AddParameter): Name = "Code_JEDEC"; Value = "DO-214-AB"; VariantName = "[No Variations]"
Add component (AddParameter): Name = "LatestRevisionDate"; Value = "17-Jul-2002"; VariantName = "[No Variations]"
Add component (AddParameter): Name = "LatestRevisionNote"; Value = "Re-released for DXP Platform."; VariantName = "[No Variations]"
Add component (AddParameter): Name = "PackageDescription"; Value = "DO-214-AB/SMC; 2 C-Bend Leads; Body 7.9 x 5.9 mm, inc. leads (LxW)"; VariantName = "[No Variations]"
Add component (AddParameter): Name = "PackageReference"; Value = "SMC"; VariantName = "[No Variations]"
Add component (AddParameter): Name = "PackageVersion"; Value = "Sep-1996"; VariantName = "[No Variations]"
Add component (AddParameter): Name = "Published"; Value = "8-Jun-2000"; VariantName = "[No Variations]"
Add component (AddParameter): Name = "Publisher"; Value = "Altium Limited"; VariantName = "[No Variations]"
Added Component: Designator=key2(KEY)
Added Component: Designator=key3(KEY)
Added Component: Designator=key4(KEY)
Added Component: Designator=LS1(BELL-5)
Add component (AddParameter): Name = "LatestRevisionDate"; Value = "17-Jul-2002"; VariantName = "[No Variations]"
Add component (AddParameter): Name = "LatestRevisionNote"; Value = "Re-released for DXP Platform."; VariantName = "[No Variations]"
Add component (AddParameter): Name = "PackageReference"; Value = "PIN2"; VariantName = "[No Variations]"
Add component (AddParameter): Name = "Published"; Value = "24-Mar-1999"; VariantName = "[No Variations]"
Add component (AddParameter): Name = "Publisher"; Value = "Altium Limited"; VariantName = "[No Variations]"
Added Component: Designator=P2(HDR1X7)
Add component (AddParameter): Name = "LatestRevisionDate"; Value = "17-Jul-2002"; VariantName = "[No Variations]"
Add component (AddParameter): Name = "LatestRevisionNote"; Value = "Re-released for DXP Platform."; VariantName = "[No Variations]"
Add component (AddParameter): Name = "Publisher"; Value = "Altium Limited"; VariantName = "[No Variations]"
Added Component: Designator=P3(HDR1X4)
Add component (AddParameter): Name = "LatestRevisionDate"; Value = "17-Jul-2002"; VariantName = "[No Variations]"
Add component (AddParameter): Name = "LatestRevisionNote"; Value = "Re-released for DXP Platform."; VariantName = "[No Variations]"
Add component (AddParameter): Name = "Publisher"; Value = "Altium Limited"; VariantName = "[No Variations]"
Added Component: Designator=P4(HDR2X4)
Add component (AddParameter): Name = "LatestRevisionDate"; Value = "17-Jul-2002"; VariantName = "[No Variations]"
Add component (AddParameter): Name = "LatestRevisionNote"; Value = "Re-released for DXP Platform."; VariantName = "[No Variations]"
Add component (AddParameter): Name = "Publisher"; Value = "Altium Limited"; VariantName = "[No Variations]"
Added Component: Designator=P5(HDR1X4)
Add component (AddParameter): Name = "LatestRevisionDate"; Value = "17-Jul-2002"; VariantName = "[No Variations]"
Add component (AddParameter): Name = "LatestRevisionNote"; Value = "Re-released for DXP Platform."; VariantName = "[No Variations]"
Add component (AddParameter): Name = "Publisher"; Value = "Altium Limited"; VariantName = "[No Variations]"
Added Component: Designator=P6(HDR1X2H)
Add component (AddParameter): Name = "LatestRevisionDate"; Value = "17-Jul-2002"; VariantName = "[No Variations]"
Add component (AddParameter): Name = "LatestRevisionNote"; Value = "Re-released for DXP Platform."; VariantName = "[No Variations]"
Add component (AddParameter): Name = "Publisher"; Value = "Altium Limited"; VariantName = "[No Variations]"
Added Component: Designator=Q1(SOT-23R)
Added Component: Designator=R49(0603-R)
Add component (AddParameter): Name = "LatestRevisionDate"; Value = "17-Jul-2002"; VariantName = "[No Variations]"
Add component (AddParameter): Name = "LatestRevisionNote"; Value = "Re-released for DXP Platform."; VariantName = "[No Variations]"
Add component (AddParameter): Name = "PackageDescription"; Value = "Axial Device, Thru-Hole; 2 Leads; 0.4 in Pin Spacing"; VariantName = "[No Variations]"
Add component (AddParameter): Name = "PackageReference"; Value = "AXIAL-0.4"; VariantName = "[No Variations]"
Add component (AddParameter): Name = "Published"; Value = "8-Jun-2000"; VariantName = "[No Variations]"
Add component (AddParameter): Name = "Publisher"; Value = "Altium Limited"; VariantName = "[No Variations]"
Added Component: Designator=R50(0603-R)
Add component (AddParameter): Name = "LatestRevisionDate"; Value = "17-Jul-2002"; VariantName = "[No Variations]"
Add component (AddParameter): Name = "LatestRevisionNote"; Value = "Re-released for DXP Platform."; VariantName = "[No Variations]"
Add component (AddParameter): Name = "PackageDescription"; Value = "Axial Device, Thru-Hole; 2 Leads; 0.4 in Pin Spacing"; VariantName = "[No Variations]"
Add component (AddParameter): Name = "PackageReference"; Value = "AXIAL-0.4"; VariantName = "[No Variations]"
Add component (AddParameter): Name = "Published"; Value = "8-Jun-2000"; VariantName = "[No Variations]"
Add component (AddParameter): Name = "Publisher"; Value = "Altium Limited"; VariantName = "[No Variations]"
Added Component: Designator=R51(0603-R)
Add component (AddParameter): Name = "LatestRevisionDate"; Value = "17-Jul-2002"; VariantName = "[No Variations]"
Add component (AddParameter): Name = "LatestRevisionNote"; Value = "Re-released for DXP Platform."; VariantName = "[No Variations]"
Add component (AddParameter): Name = "PackageDescription"; Value = "Axial Device, Thru-Hole; 2 Leads; 0.4 in Pin Spacing"; VariantName = "[No Variations]"
Add component (AddParameter): Name = "PackageReference"; Value = "AXIAL-0.4"; VariantName = "[No Variations]"
Add component (AddParameter): Name = "Published"; Value = "8-Jun-2000"; VariantName = "[No Variations]"
Add component (AddParameter): Name = "Publisher"; Value = "Altium Limited"; VariantName = "[No Variations]"
Added Component: Designator=R52(0603-R)
Add component (AddParameter): Name = "Value"; Value = "1K"; VariantName = "[No Variations]"
Added Component: Designator=R53(0603-R)
Add component (AddParameter): Name = "Value"; Value = "100R"; VariantName = "[No Variations]"
Added Pin To Net: NetName=GND Pin=D2-1
Added Pin To Net: NetName=GND Pin=key2-2
Added Pin To Net: NetName=GND Pin=key3-2
Added Pin To Net: NetName=GND Pin=key4-2
Added Pin To Net: NetName=GND Pin=LS1-2
Added Pin To Net: NetName=P0.0 Pin=P2-1
Added Pin To Net: NetName=P0.1 Pin=P2-2
Added Pin To Net: NetName=P0.2 Pin=P2-3
Added Pin To Net: NetName=P0.3 Pin=P2-4
Added Pin To Net: NetName=P0.7 Pin=P2-5
Added Pin To Net: NetName=GND Pin=P2-6
Added Pin To Net: NetName=OUT-5V Pin=P2-7
Added Pin To Net: NetName=OUT-5V Pin=P3-1
Added Pin To Net: NetName=P3.7（INT3）干簧管 Pin=P3-2
Added Pin To Net: NetName=GND Pin=P3-4
Added Pin To Net: NetName=GND Pin=P4-1
Added Pin To Net: NetName=GND Pin=P4-2
Added Pin To Net: NetName=POWER-MCU Pin=P4-3
Added Pin To Net: NetName=POWER-MCU Pin=P4-4
Added Pin To Net: NetName=OUT-5V Pin=P4-5
Added Pin To Net: NetName=OUT-5V Pin=P4-6
Added Pin To Net: NetName=12V-VCC Pin=P4-7
Added Pin To Net: NetName=12V-VCC Pin=P4-8
Added Pin To Net: NetName=GND Pin=P5-3
Added Pin To Net: NetName=OUT-5V Pin=P5-4
Added Pin To Net: NetName=P1.1 Pin=P6-1
Added Pin To Net: NetName=P1.2 Pin=P6-2
Added Pin To Net: NetName=POWER-MCU Pin=R49-1
Added Pin To Net: NetName=POWER-MCU Pin=R50-1
Added Pin To Net: NetName=POWER-MCU Pin=R51-1
Added Pin To Net: NetName=NetD2_2 Pin=D2-2
Added Pin To Net: NetName=NetD2_2 Pin=LS1-1
Added Pin To Net: NetName=NetD2_2 Pin=R53-2
Added Net: Name=NetD2_2
Added Pin To Net: NetName=NetQ1_2 Pin=Q1-2
Added Pin To Net: NetName=NetQ1_2 Pin=R52-1
Added Net: Name=NetQ1_2
Added Pin To Net: NetName=NetQ1_3 Pin=Q1-3
Added Pin To Net: NetName=NetQ1_3 Pin=R53-1
Added Net: Name=NetQ1_3
Added Pin To Net: NetName=P2.0 Pin=key2-1
Added Pin To Net: NetName=P2.0 Pin=R49-2
Added Pin To Net: NetName=P2.0 Pin=U1-30
Added Net: Name=P2.0
Added Pin To Net: NetName=P4.3 Pin=R52-2
Added Pin To Net: NetName=P4.3 Pin=U1-42
Added Net: Name=P4.3
Added Pin To Net: NetName=P5.2 Pin=key4-1
Added Pin To Net: NetName=P5.2 Pin=R51-2
Added Pin To Net: NetName=P5.2 Pin=U1-1
Added Net: Name=P5.2
Added Pin To Net: NetName=P5.3 Pin=key3-1
Added Pin To Net: NetName=P5.3 Pin=R50-2
Added Pin To Net: NetName=P5.3 Pin=U1-2
Added Net: Name=P5.3
Added Pin To Net: NetName=RX Pin=P5-2
Added Pin To Net: NetName=RX Pin=U1-25
Added Net: Name=RX
Added Pin To Net: NetName=TX Pin=P5-1
Added Pin To Net: NetName=TX Pin=U1-26
Added Net: Name=TX
Added Pin To Net: NetName=VCC Pin=Q1-1
Added Net: Name=VCC
Added Member To Class: ClassName=STC8a Member=Component D2 DIODE
Added Member To Class: ClassName=STC8a Member=Component key2 KEY
Added Member To Class: ClassName=STC8a Member=Component key3 KEY
Added Member To Class: ClassName=STC8a Member=Component key4 KEY
Added Member To Class: ClassName=STC8a Member=Component LS1 SPEAK
Added Member To Class: ClassName=STC8a Member=Component P2 Header 7
Added Member To Class: ClassName=STC8a Member=Component P3 Header 4
Added Member To Class: ClassName=STC8a Member=Component P4 Header 4X2
Added Member To Class: ClassName=STC8a Member=Component P5 Header 4
Added Member To Class: ClassName=STC8a Member=Component P6 Header 2H
Added Member To Class: ClassName=STC8a Member=Component Q1 PNP
Added Member To Class: ClassName=STC8a Member=Component R49 10K
Added Member To Class: ClassName=STC8a Member=Component R50 10k
Added Member To Class: ClassName=STC8a Member=Component R51 10k
Added Member To Class: ClassName=STC8a Member=Component R52 1k
Added Member To Class: ClassName=STC8a Member=Component R53 100R
