Removed Pin From Net: NetName=TX Pin=P5-1
Removed Pin From Net: NetName=RX Pin=P5-2
Removed Pin From Net: NetName=GND Pin=P5-3
Removed Pin From Net: NetName=OUT-5V Pin=P5-4
Change Component Footprint: Designator=P6 Old Footprint=HDR1X2H New Footprint=HDR1X2
Added Component: Designator=D3(0805-LED)
Add component (AddParameter): Name = "LatestRevisionDate"; Value = "08-Jul-2005"; VariantName = "[No Variations]"
Add component (AddParameter): Name = "LatestRevisionNote"; Value = "Mech Layer 1 removed."; VariantName = "[No Variations]"
Add component (AddParameter): Name = "PackageDescription"; Value = "LED; 2 Leads"; VariantName = "[No Variations]"
Add component (AddParameter): Name = "PackageReference"; Value = "LED-0"; VariantName = "[No Variations]"
Add component (AddParameter): Name = "Published"; Value = "8-Jun-2000"; VariantName = "[No Variations]"
Add component (AddParameter): Name = "Publisher"; Value = "Altium Limited"; VariantName = "[No Variations]"
Added Component: Designator=P5(HDR1X6)
Add component (AddParameter): Name = "LatestRevisionDate"; Value = "17-Jul-2002"; VariantName = "[No Variations]"
Add component (AddParameter): Name = "LatestRevisionNote"; Value = "Re-released for DXP Platform."; VariantName = "[No Variations]"
Add component (AddParameter): Name = "Publisher"; Value = "Altium Limited"; VariantName = "[No Variations]"
Added Component: Designator=P7(HDR1X3)
Add component (AddParameter): Name = "LatestRevisionDate"; Value = "17-Jul-2002"; VariantName = "[No Variations]"
Add component (AddParameter): Name = "LatestRevisionNote"; Value = "Re-released for DXP Platform."; VariantName = "[No Variations]"
Add component (AddParameter): Name = "Publisher"; Value = "Altium Limited"; VariantName = "[No Variations]"
Added Component: Designator=R54(0603-R)
Add component (AddParameter): Name = "LatestRevisionDate"; Value = "17-Jul-2002"; VariantName = "[No Variations]"
Add component (AddParameter): Name = "LatestRevisionNote"; Value = "Re-released for DXP Platform."; VariantName = "[No Variations]"
Add component (AddParameter): Name = "PackageDescription"; Value = "Axial Device, Thru-Hole; 2 Leads; 0.3 in Pin Spacing"; VariantName = "[No Variations]"
Add component (AddParameter): Name = "PackageReference"; Value = "AXIAL-0.3"; VariantName = "[No Variations]"
Add component (AddParameter): Name = "Published"; Value = "8-Jun-2000"; VariantName = "[No Variations]"
Add component (AddParameter): Name = "Publisher"; Value = "Altium Limited"; VariantName = "[No Variations]"
Add component (AddParameter): Name = "Value"; Value = "1K"; VariantName = "[No Variations]"
Added Pin To Net: NetName=TX Pin=P5-2
Added Pin To Net: NetName=RX Pin=P5-3
Added Pin To Net: NetName=GND Pin=P5-4
Added Pin To Net: NetName=OUT-5V Pin=P5-5
Added Pin To Net: NetName=POWER-MCU Pin=R54-2
Added Pin To Net: NetName=NetD3_1 Pin=D3-1
Added Pin To Net: NetName=NetD3_1 Pin=R54-1
Added Net: Name=NetD3_1
Added Pin To Net: NetName=P1.3 Pin=P7-1
Added Pin To Net: NetName=P1.3 Pin=U1-5
Added Net: Name=P1.3
Added Pin To Net: NetName=P2.1 Pin=D3-2
Added Pin To Net: NetName=P2.1 Pin=U1-32
Added Net: Name=P2.1
Added Pin To Net: NetName=P2.3 Pin=P7-3
Added Pin To Net: NetName=P2.3 Pin=U1-34
Added Net: Name=P2.3
Added Pin To Net: NetName=P2.5 Pin=P7-2
Added Pin To Net: NetName=P2.5 Pin=U1-36
Added Net: Name=P2.5
Added Member To Class: ClassName=STC8a Member=Component D3 LED0
Added Member To Class: ClassName=STC8a Member=Component P7 Header 3
Added Member To Class: ClassName=STC8a Member=Component R54 Res1
