Added Component: Designator=C1(0603-C)
Added Component: Designator=C2(0603-C)
Added Component: Designator=C3(0603-C)
Added Component: Designator=C4(0603-C)
Added Component: Designator=C5(0603-C)
Added Component: Designator=C6(0603-c)
Added Component: Designator=C7(0603-C)
Added Component: Designator=C8(0603-C)
Added Component: Designator=C9(0603-C)
Added Component: Designator=C10(0603-c)
Added Component: Designator=C11(1206)
Added Component: Designator=C12(1206)
Added Component: Designator=C13(0603-c)
Added Component: Designator=C14(0805C)
Added Component: Designator=C15(1206)
Added Component: Designator=C16(1206)
Added Component: Designator=C17(1206)
Added Component: Designator=C18(CC88)
Added Component: Designator=C19(0805c)
Added Component: Designator=C20(0805c)
Added Component: Designator=C21(0805c)
Added Component: Designator=C22(0603-C)
Added Component: Designator=C23(RB7.6-15)
Added Component: Designator=C24(RAD-0.3)
Added Component: Designator=C25(0603-C)
Added Component: Designator=C26(0805C)
Added Component: Designator=C27(0805-C)
Added Component: Designator=C28(0805C)
Added Component: Designator=C29(0603-C)
Added Component: Designator=C30(0603-C)
Added Component: Designator=C31(0603-C)
Added Component: Designator=C32(0603-C)
Added Component: Designator=C33(0603-C)
Added Component: Designator=C34(0603-C)
Added Component: Designator=C35(0603-c)
Added Component: Designator=C36(0603-r)
Added Component: Designator=C37(0603-r)
Added Component: Designator=C38(1206)
Added Component: Designator=C39(1206)
Added Component: Designator=C40(1206)
Added Component: Designator=C41(0805c)
Added Component: Designator=C42(0603-r)
Added Component: Designator=C43(0603-r)
Added Component: Designator=C44(0603-c)
Added Component: Designator=C45(0603-c)
Added Component: Designator=C46(0805c)
Added Component: Designator=C47(0603-c)
Added Component: Designator=C48(0603-r)
Added Component: Designator=C49(0603-r)
Added Component: Designator=C50(0603-r)
Added Component: Designator=D1(DIODE_SOP)
Added Component: Designator=F1(0805 - duplicate)
Added Component: Designator=J1(HDR1X8)
Added Component: Designator=J2(MHDR1X6)
Added Component: Designator=J3(MHDR1X6)
Added Component: Designator=J4(HDR1X8)
Added Component: Designator=J5(HDR1X8)
Added Component: Designator=J6(拨动开关)
Added Component: Designator=J7(T型头)
Added Component: Designator=key1(KEY)
Added Component: Designator=L1(L5*5)
Added Component: Designator=L2(L8*8)
Added Component: Designator=L3(L8*8)
Added Component: Designator=OLED1(HDR1X4)
Added Component: Designator=P1(USB_MINI - duplicate)
Added Component: Designator=PPS1(0805-LED)
Added Component: Designator=PPS2(0805-LED)
Added Component: Designator=PPS3(0805-LED)
Added Component: Designator=R1(0603-R)
Added Component: Designator=R2(0603-R)
Added Component: Designator=R3(0603-R)
Added Component: Designator=R4(0603-R)
Added Component: Designator=R5(0603-R)
Added Component: Designator=R6(0603-R)
Added Component: Designator=R7(0603-R)
Added Component: Designator=R8(0603-R)
Added Component: Designator=R9(0603-R)
Added Component: Designator=R10(0603-R)
Added Component: Designator=R11(0603-R)
Added Component: Designator=R12(0603-R)
Added Component: Designator=R13(0603-R)
Added Component: Designator=R14(0603-R)
Added Component: Designator=R15(0603-R)
Added Component: Designator=R16(0603-R)
Added Component: Designator=R17(0603-R)
Added Component: Designator=R18(0603-R)
Added Component: Designator=R19(0603-R)
Added Component: Designator=R20(0603-r)
Added Component: Designator=R21(0603-r)
Added Component: Designator=R22(0603-r)
Added Component: Designator=R23(0603-R)
Added Component: Designator=R24(0603-R)
Added Component: Designator=R25(0603-r)
Added Component: Designator=R26(0603-R)
Added Component: Designator=R27(0603-R)
Added Component: Designator=R28(0603-R)
Added Component: Designator=R29(0603-R)
Added Component: Designator=R30(0603-R)
Added Component: Designator=R31(0603-R)
Added Component: Designator=R32(0603-R)
Added Component: Designator=R33(0603-R)
Added Component: Designator=R34(0603-R)
Added Component: Designator=R35(0603-r)
Added Component: Designator=R36(0603-r)
Added Component: Designator=R37(0603-r)
Added Component: Designator=R38(0603-r)
Added Component: Designator=R39(0603-r)
Added Component: Designator=R40(0603-r)
Added Component: Designator=R41(0603-r)
Added Component: Designator=R42(0603-r)
Added Component: Designator=R43(0603-r)
Added Component: Designator=R44(0603-r)
Added Component: Designator=R45(0603-r)
Added Component: Designator=R46(0603-r)
Added Component: Designator=R47(0603-r)
Added Component: Designator=R48(0603-r)
Added Component: Designator=S1(HDR1X3)
Added Component: Designator=U1(LQFP48S)
Added Component: Designator=U2(SOT-23)
Added Component: Designator=U3(LC-SOT-23-6)
Added Component: Designator=U4(VQFN-20_L4.6-W3.6-P0.50-BL)
Added Component: Designator=U5(LC-SOT-23-5)
Added Component: Designator=U6(SOP-8)
Added Component: Designator=U7(LC-VQFN-14_3.6x3.6x05P)
Added Component: Designator=U8(LC-WSON-8_2x2mm)
Added Component: Designator=U9(LC-WSON-8_2x2mm)
Added Component: Designator=Y1(XTAL_5032)
Added Pin To Net: NetName=XTAL0 Pin=C1-1
Added Pin To Net: NetName=GND Pin=C1-2
Added Pin To Net: NetName=XTAL1 Pin=C2-1
Added Pin To Net: NetName=GND Pin=C2-2
Added Pin To Net: NetName=GND Pin=C3-1
Added Pin To Net: NetName=POWER-MCU Pin=C3-2
Added Pin To Net: NetName=GND Pin=C4-1
Added Pin To Net: NetName=POWER-MCU Pin=C4-2
Added Pin To Net: NetName=REST Pin=C5-1
Added Pin To Net: NetName=POWER-MCU Pin=C5-2
Added Pin To Net: NetName=NetC6_1 Pin=C6-1
Added Pin To Net: NetName=NetC6_2 Pin=C6-2
Added Pin To Net: NetName=VREF+ Pin=C7-1
Added Pin To Net: NetName=AGND Pin=C7-2
Added Pin To Net: NetName=AVCC Pin=C8-1
Added Pin To Net: NetName=GND Pin=C8-2
Added Pin To Net: NetName=AVCC Pin=C9-1
Added Pin To Net: NetName=GND Pin=C9-2
Added Pin To Net: NetName=NetC10_1 Pin=C10-1
Added Pin To Net: NetName=NetC10_2 Pin=C10-2
Added Pin To Net: NetName=GND Pin=C11-1
Added Pin To Net: NetName=OUT-5V Pin=C11-2
Added Pin To Net: NetName=GND Pin=C12-1
Added Pin To Net: NetName=OUT-5V Pin=C12-2
Added Pin To Net: NetName=NetC13_1 Pin=C13-1
Added Pin To Net: NetName=OUT-5V Pin=C13-2
Added Pin To Net: NetName=PGND Pin=C14-1
Added Pin To Net: NetName=12V-VCC Pin=C14-2
Added Pin To Net: NetName=PGND Pin=C15-1
Added Pin To Net: NetName=12V-VCC Pin=C15-2
Added Pin To Net: NetName=PGND Pin=C16-1
Added Pin To Net: NetName=12V-VCC Pin=C16-2
Added Pin To Net: NetName=PGND Pin=C17-1
Added Pin To Net: NetName=12V-VCC Pin=C17-2
Added Pin To Net: NetName=12V-VCC Pin=C18-1
Added Pin To Net: NetName=PGND Pin=C18-2
Added Pin To Net: NetName=EN1 Pin=C19-1
Added Pin To Net: NetName=GND Pin=C19-2
Added Pin To Net: NetName=EN1 Pin=C20-1
Added Pin To Net: NetName=GND Pin=C20-2
Added Pin To Net: NetName=EN1 Pin=C21-1
Added Pin To Net: NetName=GND Pin=C21-2
Added Pin To Net: NetName=NetC22_1 Pin=C22-1
Added Pin To Net: NetName=GND Pin=C22-2
Added Pin To Net: NetName=BOOST_IN Pin=C23-1
Added Pin To Net: NetName=PGND Pin=C23-2
Added Pin To Net: NetName=PGND Pin=C24-1
Added Pin To Net: NetName=BOOST_IN Pin=C24-2
Added Pin To Net: NetName=NetC25_1 Pin=C25-1
Added Pin To Net: NetName=GND Pin=C25-2
Added Pin To Net: NetName=PGND Pin=C26-1
Added Pin To Net: NetName=BOOST_IN Pin=C26-2
Added Pin To Net: NetName=VCC-CH340 Pin=C27-1
Added Pin To Net: NetName=GND Pin=C27-2
Added Pin To Net: NetName=GND Pin=C28-1
Added Pin To Net: NetName=NetC28_2 Pin=C28-2
Added Pin To Net: NetName=NetC29_1 Pin=C29-1
Added Pin To Net: NetName=GND Pin=C29-2
Added Pin To Net: NetName=NetC30_1 Pin=C30-1
Added Pin To Net: NetName=GND Pin=C30-2
Added Pin To Net: NetName=GND Pin=C31-1
Added Pin To Net: NetName=POWER-MCU Pin=C31-2
Added Pin To Net: NetName=GND Pin=C32-1
Added Pin To Net: NetName=OUT-5V Pin=C32-2
Added Pin To Net: NetName=GND Pin=C33-1
Added Pin To Net: NetName=NetC33_2 Pin=C33-2
Added Pin To Net: NetName=GND Pin=C34-1
Added Pin To Net: NetName=VCC-CH340 Pin=C34-2
Added Pin To Net: NetName=NetC35_1 Pin=C35-1
Added Pin To Net: NetName=NetC35_2 Pin=C35-2
Added Pin To Net: NetName=NetC36_1 Pin=C36-1
Added Pin To Net: NetName=PGND Pin=C36-2
Added Pin To Net: NetName=DRV-6V Pin=C37-1
Added Pin To Net: NetName=PGND Pin=C37-2
Added Pin To Net: NetName=PGND Pin=C38-1
Added Pin To Net: NetName=DRV-6V Pin=C38-2
Added Pin To Net: NetName=PGND Pin=C39-1
Added Pin To Net: NetName=DRV-6V Pin=C39-2
Added Pin To Net: NetName=12V-VCC Pin=C40-1
Added Pin To Net: NetName=PGND Pin=C40-2
Added Pin To Net: NetName=PGND Pin=C41-1
Added Pin To Net: NetName=12V-VCC Pin=C41-2
Added Pin To Net: NetName=OUT1- Pin=C42-1
Added Pin To Net: NetName=OUT1+ Pin=C42-2
Added Pin To Net: NetName=PGND Pin=C43-1
Added Pin To Net: NetName=NetC43_2 Pin=C43-2
Added Pin To Net: NetName=V_SNS Pin=C44-1
Added Pin To Net: NetName=NetC44_2 Pin=C44-2
Added Pin To Net: NetName=PGND Pin=C45-1
Added Pin To Net: NetName=NetC45_2 Pin=C45-2
Added Pin To Net: NetName=PGND Pin=C46-1
Added Pin To Net: NetName=12V-VCC Pin=C46-2
Added Pin To Net: NetName=PGND Pin=C47-1
Added Pin To Net: NetName=NetC47_2 Pin=C47-2
Added Pin To Net: NetName=NetC48_1 Pin=C48-1
Added Pin To Net: NetName=PGND Pin=C48-2
Added Pin To Net: NetName=DRV-6V Pin=C49-1
Added Pin To Net: NetName=PGND Pin=C49-2
Added Pin To Net: NetName=OUT2- Pin=C50-1
Added Pin To Net: NetName=OUT2+ Pin=C50-2
Added Pin To Net: NetName=TXD Pin=D1-1
Added Pin To Net: NetName=TXD_1 Pin=D1-2
Added Pin To Net: NetName=NetF1_1 Pin=F1-1
Added Pin To Net: NetName=VCC-CH340 Pin=F1-2
Added Pin To Net: NetName=P0.0 Pin=J1-1
Added Pin To Net: NetName=P0.1 Pin=J1-2
Added Pin To Net: NetName=P0.2 Pin=J1-3
Added Pin To Net: NetName=P0.3 Pin=J1-4
Added Pin To Net: NetName=P0.7 Pin=J1-5
Added Pin To Net: NetName=P1.1 Pin=J1-6
Added Pin To Net: NetName=P1.2 Pin=J1-7
Added Pin To Net: NetName=P3.7（INT3）干簧管 Pin=J1-8
Added Pin To Net: NetName=NetJ2_5 Pin=J2-5
Added Pin To Net: NetName=NetJ2_6 Pin=J2-6
Added Pin To Net: NetName=OUT2- Pin=J3-1
Added Pin To Net: NetName=OUT2+ Pin=J3-2
Added Pin To Net: NetName=OUT-5V Pin=J3-3
Added Pin To Net: NetName=GND Pin=J3-4
Added Pin To Net: NetName=NetJ3_5 Pin=J3-5
Added Pin To Net: NetName=NetJ3_6 Pin=J3-6
Added Pin To Net: NetName=POWER-MCU Pin=J4-1
Added Pin To Net: NetName=GND Pin=J4-2
Added Pin To Net: NetName=NetJ4_3 Pin=J4-3
Added Pin To Net: NetName=NetJ4_4 Pin=J4-4
Added Pin To Net: NetName=XDA Pin=J4-5
Added Pin To Net: NetName=XCL Pin=J4-6
Added Pin To Net: NetName=AD0 Pin=J4-7
Added Pin To Net: NetName=INT Pin=J4-8
Added Pin To Net: NetName=POWER-MCU Pin=J5-1
Added Pin To Net: NetName=GND Pin=J5-2
Added Pin To Net: NetName=SCL-1 Pin=J5-3
Added Pin To Net: NetName=SDA/SDI Pin=J5-4
Added Pin To Net: NetName=SA0/SD0 Pin=J5-5
Added Pin To Net: NetName=CS Pin=J5-6
Added Pin To Net: NetName=INT Pin=J5-7
Added Pin To Net: NetName=FSY Pin=J5-8
Added Pin To Net: NetName=T_VIN Pin=J6-1
Added Pin To Net: NetName=BOOST_IN Pin=J6-2
Added Pin To Net: NetName=PGND Pin=J7-1
Added Pin To Net: NetName=T_VIN Pin=J7-2
Added Pin To Net: NetName=REST Pin=key1-1
Added Pin To Net: NetName=POWER-MCU Pin=key1-2
Added Pin To Net: NetName=OUT-5V Pin=L1-1
Added Pin To Net: NetName=NetC6_1 Pin=L1-2
Added Pin To Net: NetName=BOOST_IN Pin=L2-1
Added Pin To Net: NetName=NetC10_2 Pin=L2-2
Added Pin To Net: NetName=NetC35_1 Pin=L3-1
Added Pin To Net: NetName=DRV-6V Pin=L3-2
Added Pin To Net: NetName=GND Pin=OLED1-1
Added Pin To Net: NetName=POWER-MCU Pin=OLED1-2
Added Pin To Net: NetName=SCL Pin=OLED1-3
Added Pin To Net: NetName=SDA Pin=OLED1-4
Added Pin To Net: NetName=NetF1_1 Pin=P1-1
Added Pin To Net: NetName=NetP1_2 Pin=P1-2
Added Pin To Net: NetName=NetP1_3 Pin=P1-3
Added Pin To Net: NetName=GND Pin=P1-5
Added Pin To Net: NetName=NetPPS1_1 Pin=PPS1-1
Added Pin To Net: NetName=GND Pin=PPS1-2
Added Pin To Net: NetName=NetPPS2_1 Pin=PPS2-1
Added Pin To Net: NetName=TXD_1 Pin=PPS2-2
Added Pin To Net: NetName=NetPPS3_1 Pin=PPS3-1
Added Pin To Net: NetName=RXD_1 Pin=PPS3-2
Added Pin To Net: NetName=POWER-MCU Pin=R1-1
Added Pin To Net: NetName=SCL Pin=R1-2
Added Pin To Net: NetName=POWER-MCU Pin=R2-1
Added Pin To Net: NetName=SDA Pin=R2-2
Added Pin To Net: NetName=OUT-5V Pin=R3-1
Added Pin To Net: NetName=P0.6(T4) Pin=R3-2
Added Pin To Net: NetName=OUT-5V Pin=R4-1
Added Pin To Net: NetName=P0.4(T3) Pin=R4-2
Added Pin To Net: NetName=OUT-5V Pin=R5-1
Added Pin To Net: NetName=P0.5 Pin=R5-2
Added Pin To Net: NetName=OUT-5V Pin=R6-1
Added Pin To Net: NetName=P2.7 Pin=R6-2
Added Pin To Net: NetName=POWER-MCU Pin=R7-1
Added Pin To Net: NetName=SCL-1 Pin=R7-2
Added Pin To Net: NetName=NetJ2_5 Pin=R8-1
Added Pin To Net: NetName=P0.6(T4) Pin=R8-2
Added Pin To Net: NetName=NetJ3_5 Pin=R9-1
Added Pin To Net: NetName=P0.4(T3) Pin=R9-2
Added Pin To Net: NetName=POWER-MCU Pin=R10-1
Added Pin To Net: NetName=SA0/SD0 Pin=R10-2
Added Pin To Net: NetName=NetJ2_6 Pin=R11-1
Added Pin To Net: NetName=P0.5 Pin=R11-2
Added Pin To Net: NetName=NetJ3_6 Pin=R12-1
Added Pin To Net: NetName=P2.7 Pin=R12-2
Added Pin To Net: NetName=NetJ4_3 Pin=R13-1
Added Pin To Net: NetName=SCL-1 Pin=R13-2
Added Pin To Net: NetName=NetJ4_4 Pin=R14-1
Added Pin To Net: NetName=SA0/SD0 Pin=R14-2
Added Pin To Net: NetName=AD0 Pin=R15-1
Added Pin To Net: NetName=GND Pin=R15-2
Added Pin To Net: NetName=GND Pin=R16-1
Added Pin To Net: NetName=REST Pin=R16-2
Added Pin To Net: NetName=POWER-MCU Pin=R17-1
Added Pin To Net: NetName=AVCC Pin=R17-2
Added Pin To Net: NetName=AVCC Pin=R18-1
Added Pin To Net: NetName=VREF+ Pin=R18-2
Added Pin To Net: NetName=AGND Pin=R19-1
Added Pin To Net: NetName=GND Pin=R19-2
Added Pin To Net: NetName=NetR20_1 Pin=R20-1
Added Pin To Net: NetName=EN1 Pin=R20-2
Added Pin To Net: NetName=NetC13_1 Pin=R21-1
Added Pin To Net: NetName=OUT-5V Pin=R21-2
Added Pin To Net: NetName=GND Pin=R22-1
Added Pin To Net: NetName=NetC13_1 Pin=R22-2
Added Pin To Net: NetName=NetR23_1 Pin=R23-1
Added Pin To Net: NetName=NetR23_2 Pin=R23-2
Added Pin To Net: NetName=NetR23_1 Pin=R24-1
Added Pin To Net: NetName=12V-VCC Pin=R24-2
Added Pin To Net: NetName=NetC10_2 Pin=R25-1
Added Pin To Net: NetName=NetR25_2 Pin=R25-2
Added Pin To Net: NetName=NetR23_2 Pin=R26-1
Added Pin To Net: NetName=GND Pin=R26-2
Added Pin To Net: NetName=POWER-MCU Pin=R27-1
Added Pin To Net: NetName=NetPPS1_1 Pin=R27-2
Added Pin To Net: NetName=NetP1_2 Pin=R28-1
Added Pin To Net: NetName=USB D- Pin=R28-2
Added Pin To Net: NetName=NetC22_1 Pin=R29-1
Added Pin To Net: NetName=NetC25_1 Pin=R29-2
Added Pin To Net: NetName=NetP1_3 Pin=R30-1
Added Pin To Net: NetName=USB D+ Pin=R30-2
Added Pin To Net: NetName=NetR31_1 Pin=R31-1
Added Pin To Net: NetName=GND Pin=R31-2
Added Pin To Net: NetName=RXD_1 Pin=R32-1
Added Pin To Net: NetName=RXD Pin=R32-2
Added Pin To Net: NetName=NetPPS2_1 Pin=R33-1
Added Pin To Net: NetName=POWER-MCU Pin=R33-2
Added Pin To Net: NetName=NetPPS3_1 Pin=R34-1
Added Pin To Net: NetName=POWER-MCU Pin=R34-2
Added Pin To Net: NetName=NetR35_1 Pin=R35-1
Added Pin To Net: NetName=12V-VCC Pin=R35-2
Added Pin To Net: NetName=NetR36_1 Pin=R36-1
Added Pin To Net: NetName=PGND Pin=R36-2
Added Pin To Net: NetName=NetC36_1 Pin=R37-1
Added Pin To Net: NetName=DRV-6V Pin=R37-2
Added Pin To Net: NetName=NetC44_2 Pin=R38-1
Added Pin To Net: NetName=DRV-6V Pin=R38-2
Added Pin To Net: NetName=P1.0（PWM1） Pin=R39-1
Added Pin To Net: NetName=NetR39_2 Pin=R39-2
Added Pin To Net: NetName=P2.6（PWM2） Pin=R40-1
Added Pin To Net: NetName=NetR40_2 Pin=R40-2
Added Pin To Net: NetName=NetC47_2 Pin=R41-1
Added Pin To Net: NetName=NetC45_2 Pin=R41-2
Added Pin To Net: NetName=EN Pin=R42-1
Added Pin To Net: NetName=12V-VCC Pin=R42-2
Added Pin To Net: NetName=V_SNS Pin=R43-1
Added Pin To Net: NetName=NetC44_2 Pin=R43-2
Added Pin To Net: NetName=PGND Pin=R44-1
Added Pin To Net: NetName=EN Pin=R44-2
Added Pin To Net: NetName=PGND Pin=R45-1
Added Pin To Net: NetName=V_SNS Pin=R45-2
Added Pin To Net: NetName=NetC48_1 Pin=R46-1
Added Pin To Net: NetName=DRV-6V Pin=R46-2
Added Pin To Net: NetName=P2.4（PWM3） Pin=R47-1
Added Pin To Net: NetName=NetR47_2 Pin=R47-2
Added Pin To Net: NetName=P2.2（PWM4） Pin=R48-1
Added Pin To Net: NetName=NetR48_2 Pin=R48-2
Added Pin To Net: NetName=VCC-CH340 Pin=S1-2
Added Pin To Net: NetName=OUT-5V Pin=S1-3
Added Pin To Net: NetName=P1.1 Pin=U1-3
Added Pin To Net: NetName=P1.2 Pin=U1-4
Added Pin To Net: NetName=SDA Pin=U1-6
Added Pin To Net: NetName=SCL Pin=U1-8
Added Pin To Net: NetName=XTAL0 Pin=U1-9
Added Pin To Net: NetName=XTAL1 Pin=U1-10
Added Pin To Net: NetName=AGND Pin=U1-11
Added Pin To Net: NetName=VREF+ Pin=U1-12
Added Pin To Net: NetName=AVCC Pin=U1-13
Added Pin To Net: NetName=REST Pin=U1-14
Added Pin To Net: NetName=POWER-MCU Pin=U1-15
Added Pin To Net: NetName=GND Pin=U1-17
Added Pin To Net: NetName=TXD Pin=U1-19
Added Pin To Net: NetName=RXD Pin=U1-20
Added Pin To Net: NetName=SCL-1 Pin=U1-21
Added Pin To Net: NetName=SA0/SD0 Pin=U1-22
Added Pin To Net: NetName=SDA/SDI Pin=U1-23
Added Pin To Net: NetName=CS Pin=U1-24
Added Pin To Net: NetName=P3.7（INT3）干簧管 Pin=U1-28
Added Pin To Net: NetName=P2.2（PWM4） Pin=U1-33
Added Pin To Net: NetName=P2.4（PWM3） Pin=U1-35
Added Pin To Net: NetName=P2.6（PWM2） Pin=U1-37
Added Pin To Net: NetName=P2.7 Pin=U1-38
Added Pin To Net: NetName=P0.0 Pin=U1-39
Added Pin To Net: NetName=P0.1 Pin=U1-40
Added Pin To Net: NetName=P0.2 Pin=U1-41
Added Pin To Net: NetName=P0.3 Pin=U1-43
Added Pin To Net: NetName=P0.4(T3) Pin=U1-44
Added Pin To Net: NetName=P0.5 Pin=U1-45
Added Pin To Net: NetName=P0.6(T4) Pin=U1-46
Added Pin To Net: NetName=P0.7 Pin=U1-47
Added Pin To Net: NetName=P1.0（PWM1） Pin=U1-48
Added Pin To Net: NetName=VREF+ Pin=U2-1
Added Pin To Net: NetName=VREF+ Pin=U2-2
Added Pin To Net: NetName=AGND Pin=U2-3
Added Pin To Net: NetName=GND Pin=U3-1
Added Pin To Net: NetName=NetC6_1 Pin=U3-2
Added Pin To Net: NetName=EN1 Pin=U3-3
Added Pin To Net: NetName=NetC13_1 Pin=U3-4
Added Pin To Net: NetName=NetR20_1 Pin=U3-5
Added Pin To Net: NetName=NetC6_2 Pin=U3-6
Added Pin To Net: NetName=NetC28_2 Pin=U4-1
Added Pin To Net: NetName=NetC28_2 Pin=U4-2
Added Pin To Net: NetName=NetR25_2 Pin=U4-3
Added Pin To Net: NetName=NetC10_2 Pin=U4-4
Added Pin To Net: NetName=NetC10_2 Pin=U4-5
Added Pin To Net: NetName=NetC10_2 Pin=U4-6
Added Pin To Net: NetName=NetC10_2 Pin=U4-7
Added Pin To Net: NetName=NetC10_1 Pin=U4-8
Added Pin To Net: NetName=BOOST_IN Pin=U4-9
Added Pin To Net: NetName=NetC29_1 Pin=U4-10
Added Pin To Net: NetName=PGND Pin=U4-11
Added Pin To Net: NetName=PGND Pin=U4-12
Added Pin To Net: NetName=12V-VCC Pin=U4-14
Added Pin To Net: NetName=12V-VCC Pin=U4-15
Added Pin To Net: NetName=12V-VCC Pin=U4-16
Added Pin To Net: NetName=NetR23_2 Pin=U4-17
Added Pin To Net: NetName=NetC22_1 Pin=U4-18
Added Pin To Net: NetName=NetR31_1 Pin=U4-19
Added Pin To Net: NetName=GND Pin=U4-20
Added Pin To Net: NetName=PGND Pin=U4-21
Added Pin To Net: NetName=OUT-5V Pin=U5-1
Added Pin To Net: NetName=GND Pin=U5-2
Added Pin To Net: NetName=GND Pin=U5-3
Added Pin To Net: NetName=NetC33_2 Pin=U5-4
Added Pin To Net: NetName=POWER-MCU Pin=U5-5
Added Pin To Net: NetName=USB D+ Pin=U6-1
Added Pin To Net: NetName=USB D- Pin=U6-2
Added Pin To Net: NetName=GND Pin=U6-3
Added Pin To Net: NetName=VCC-CH340 Pin=U6-5
Added Pin To Net: NetName=TXD_1 Pin=U6-6
Added Pin To Net: NetName=RXD_1 Pin=U6-7
Added Pin To Net: NetName=NetC30_1 Pin=U6-8
Added Pin To Net: NetName=NetR36_1 Pin=U7-1
Added Pin To Net: NetName=PGND Pin=U7-2
Added Pin To Net: NetName=PGND Pin=U7-3
Added Pin To Net: NetName=12V-VCC Pin=U7-4
Added Pin To Net: NetName=12V-VCC Pin=U7-5
Added Pin To Net: NetName=12V-VCC Pin=U7-6
Added Pin To Net: NetName=V_SNS Pin=U7-7
Added Pin To Net: NetName=NetC45_2 Pin=U7-8
Added Pin To Net: NetName=NetC43_2 Pin=U7-9
Added Pin To Net: NetName=EN Pin=U7-10
Added Pin To Net: NetName=NetC35_1 Pin=U7-11
Added Pin To Net: NetName=NetC35_1 Pin=U7-12
Added Pin To Net: NetName=NetC35_2 Pin=U7-13
Added Pin To Net: NetName=NetR35_1 Pin=U7-14
Added Pin To Net: NetName=DRV-6V Pin=U8-1
Added Pin To Net: NetName=OUT1+ Pin=U8-2
Added Pin To Net: NetName=OUT1- Pin=U8-3
Added Pin To Net: NetName=PGND Pin=U8-4
Added Pin To Net: NetName=NetR40_2 Pin=U8-5
Added Pin To Net: NetName=NetR39_2 Pin=U8-6
Added Pin To Net: NetName=NetC36_1 Pin=U8-7
Added Pin To Net: NetName=NetC36_1 Pin=U8-8
Added Pin To Net: NetName=DRV-6V Pin=U9-1
Added Pin To Net: NetName=OUT2+ Pin=U9-2
Added Pin To Net: NetName=OUT2- Pin=U9-3
Added Pin To Net: NetName=PGND Pin=U9-4
Added Pin To Net: NetName=NetR48_2 Pin=U9-5
Added Pin To Net: NetName=NetR47_2 Pin=U9-6
Added Pin To Net: NetName=NetC48_1 Pin=U9-7
Added Pin To Net: NetName=NetC48_1 Pin=U9-8
Added Pin To Net: NetName=XTAL1 Pin=Y1-1
Added Pin To Net: NetName=XTAL0 Pin=Y1-2
Added Member To Class: ClassName=STC8a Member=Component C1 22PF
Added Member To Class: ClassName=STC8a Member=Component C2 22PF
Added Member To Class: ClassName=STC8a Member=Component C3 
Added Member To Class: ClassName=STC8a Member=Component C4 
Added Member To Class: ClassName=STC8a Member=Component C5 104
Added Member To Class: ClassName=STC8a Member=Component C6 
Added Member To Class: ClassName=STC8a Member=Component C7 100nf
Added Member To Class: ClassName=STC8a Member=Component C8 10UF
Added Member To Class: ClassName=STC8a Member=Component C9 100NF
Added Member To Class: ClassName=STC8a Member=Component C10 
Added Member To Class: ClassName=STC8a Member=Component C11 
Added Member To Class: ClassName=STC8a Member=Component C12 
Added Member To Class: ClassName=STC8a Member=Component C13 
Added Member To Class: ClassName=STC8a Member=Component C14 
Added Member To Class: ClassName=STC8a Member=Component C15 
Added Member To Class: ClassName=STC8a Member=Component C16 
Added Member To Class: ClassName=STC8a Member=Component C17 
Added Member To Class: ClassName=STC8a Member=Component C18 
Added Member To Class: ClassName=STC8a Member=Component C19 
Added Member To Class: ClassName=STC8a Member=Component C20 
Added Member To Class: ClassName=STC8a Member=Component C21 
Added Member To Class: ClassName=STC8a Member=Component C22 
Added Member To Class: ClassName=STC8a Member=Component C23 
Added Member To Class: ClassName=STC8a Member=Component C24 
Added Member To Class: ClassName=STC8a Member=Component C25 
Added Member To Class: ClassName=STC8a Member=Component C26 
Added Member To Class: ClassName=STC8a Member=Component C27 10uF
Added Member To Class: ClassName=STC8a Member=Component C28 
Added Member To Class: ClassName=STC8a Member=Component C29 
Added Member To Class: ClassName=STC8a Member=Component C30 0.1uf
Added Member To Class: ClassName=STC8a Member=Component C31 
Added Member To Class: ClassName=STC8a Member=Component C32 
Added Member To Class: ClassName=STC8a Member=Component C33 
Added Member To Class: ClassName=STC8a Member=Component C34 0.1uf
Added Member To Class: ClassName=STC8a Member=Component C35 
Added Member To Class: ClassName=STC8a Member=Component C36 0.1UF
Added Member To Class: ClassName=STC8a Member=Component C37 0.1UF
Added Member To Class: ClassName=STC8a Member=Component C38 
Added Member To Class: ClassName=STC8a Member=Component C39 
Added Member To Class: ClassName=STC8a Member=Component C40 
Added Member To Class: ClassName=STC8a Member=Component C41 
Added Member To Class: ClassName=STC8a Member=Component C42 104
Added Member To Class: ClassName=STC8a Member=Component C43 
Added Member To Class: ClassName=STC8a Member=Component C44 
Added Member To Class: ClassName=STC8a Member=Component C45 
Added Member To Class: ClassName=STC8a Member=Component C46 
Added Member To Class: ClassName=STC8a Member=Component C47 
Added Member To Class: ClassName=STC8a Member=Component C48 0.1UF
Added Member To Class: ClassName=STC8a Member=Component C49 0.1UF
Added Member To Class: ClassName=STC8a Member=Component C50 104
Added Member To Class: ClassName=STC8a Member=Component D1 二极管
Added Member To Class: ClassName=STC8a Member=Component F1 500mA保险丝
Added Member To Class: ClassName=STC8a Member=Component J1 CON8
Added Member To Class: ClassName=STC8a Member=Component J2 CON6
Added Member To Class: ClassName=STC8a Member=Component J3 CON6
Added Member To Class: ClassName=STC8a Member=Component J4 CON8
Added Member To Class: ClassName=STC8a Member=Component J5 CON8
Added Member To Class: ClassName=STC8a Member=Component J6 主开关
Added Member To Class: ClassName=STC8a Member=Component J7 T插
Added Member To Class: ClassName=STC8a Member=Component key1 KEY
Added Member To Class: ClassName=STC8a Member=Component L1 Inductor
Added Member To Class: ClassName=STC8a Member=Component L2 PIMB   0630
Added Member To Class: ClassName=STC8a Member=Component L3 Inductor
Added Member To Class: ClassName=STC8a Member=Component OLED1 CON4
Added Member To Class: ClassName=STC8a Member=Component P1 USB_Micro
Added Member To Class: ClassName=STC8a Member=Component PPS1 LED
Added Member To Class: ClassName=STC8a Member=Component PPS2 LED
Added Member To Class: ClassName=STC8a Member=Component PPS3 LED
Added Member To Class: ClassName=STC8a Member=Component R1 
Added Member To Class: ClassName=STC8a Member=Component R2 
Added Member To Class: ClassName=STC8a Member=Component R3 10K
Added Member To Class: ClassName=STC8a Member=Component R4 10K
Added Member To Class: ClassName=STC8a Member=Component R5 10K
Added Member To Class: ClassName=STC8a Member=Component R6 10K
Added Member To Class: ClassName=STC8a Member=Component R7 
Added Member To Class: ClassName=STC8a Member=Component R8 510R
Added Member To Class: ClassName=STC8a Member=Component R9 510R
Added Member To Class: ClassName=STC8a Member=Component R10 
Added Member To Class: ClassName=STC8a Member=Component R11 510R
Added Member To Class: ClassName=STC8a Member=Component R12 510R
Added Member To Class: ClassName=STC8a Member=Component R13 200R
Added Member To Class: ClassName=STC8a Member=Component R14 200R
Added Member To Class: ClassName=STC8a Member=Component R15 4.7k
Added Member To Class: ClassName=STC8a Member=Component R16 10k
Added Member To Class: ClassName=STC8a Member=Component R17 Res1
Added Member To Class: ClassName=STC8a Member=Component R18 Res1
Added Member To Class: ClassName=STC8a Member=Component R19 Res1
Added Member To Class: ClassName=STC8a Member=Component R20 
Added Member To Class: ClassName=STC8a Member=Component R21 
Added Member To Class: ClassName=STC8a Member=Component R22 
Added Member To Class: ClassName=STC8a Member=Component R23 Res1
Added Member To Class: ClassName=STC8a Member=Component R24 Res1
Added Member To Class: ClassName=STC8a Member=Component R25 
Added Member To Class: ClassName=STC8a Member=Component R26 Res1
Added Member To Class: ClassName=STC8a Member=Component R27 1K
Added Member To Class: ClassName=STC8a Member=Component R28 22R
Added Member To Class: ClassName=STC8a Member=Component R29 
Added Member To Class: ClassName=STC8a Member=Component R30 22R
Added Member To Class: ClassName=STC8a Member=Component R31 Res1
Added Member To Class: ClassName=STC8a Member=Component R32 300R
Added Member To Class: ClassName=STC8a Member=Component R33 1K
Added Member To Class: ClassName=STC8a Member=Component R34 1K
Added Member To Class: ClassName=STC8a Member=Component R35 
Added Member To Class: ClassName=STC8a Member=Component R36 
Added Member To Class: ClassName=STC8a Member=Component R37 1K
Added Member To Class: ClassName=STC8a Member=Component R38 
Added Member To Class: ClassName=STC8a Member=Component R39 200Ω
Added Member To Class: ClassName=STC8a Member=Component R40 200Ω
Added Member To Class: ClassName=STC8a Member=Component R41 Res1
Added Member To Class: ClassName=STC8a Member=Component R42 
Added Member To Class: ClassName=STC8a Member=Component R43 
Added Member To Class: ClassName=STC8a Member=Component R44 
Added Member To Class: ClassName=STC8a Member=Component R45 
Added Member To Class: ClassName=STC8a Member=Component R46 1K
Added Member To Class: ClassName=STC8a Member=Component R47 200Ω
Added Member To Class: ClassName=STC8a Member=Component R48 200Ω
Added Member To Class: ClassName=STC8a Member=Component S1 switch
Added Member To Class: ClassName=STC8a Member=Component U1 STC8A8K64S4A12-48
Added Member To Class: ClassName=STC8a Member=Component U2 TL431
Added Member To Class: ClassName=STC8a Member=Component U3 TPS562201
Added Member To Class: ClassName=STC8a Member=Component U4 TPS61088
Added Member To Class: ClassName=STC8a Member=Component U5 TPS79133
Added Member To Class: ClassName=STC8a Member=Component U6 CH340N
Added Member To Class: ClassName=STC8a Member=Component U7 TPS54821
Added Member To Class: ClassName=STC8a Member=Component U8 drv8837
Added Member To Class: ClassName=STC8a Member=Component U9 drv8837
Added Member To Class: ClassName=STC8a Member=Component Y1 XTAL_5032
Added Room: Name=STC8a
