C51 COMPILER V9.53.0.0   TEXT1                                                             06/23/2020 02:52:49 PAGE 1   


C51 COMPILER V9.53.0.0, COMPILATION OF MODULE TEXT1
OBJECT MODULE PLACED IN text1.OBJ
COMPILER INVOKED BY: F:\MDK5\C51\BIN\C51.EXE text1.c OPTIMIZE(8,SPEED) BROWSE INCDIR(..\hardware\delay;..\hardware\IIC;.
                    -.\hardware\OLED;..\hardware\ADC) DEBUG OBJECTEXTEND TABS(3)

line level    source

   1          #include "stc8.h"
   2          #include "delay.h"
   3          #include "i2c.h"
   4          #include "oled.h"
   5          #include "common.h"
   6          #include "adc.h"
   7          #include <stdio.h>
   8          #include <math.h>
   9          
  10          void main(void)
  11          {
  12   1         u16 Vo,a;
  13   1         float V;
  14   1         char test[10];
  15   1         OLED_Init();
  16   1         while(1)
  17   1         {
  18   2      //     P55=0;
  19   2      //     Delay1ms(1000);
  20   2      //     P55=1;
  21   2      //     Delay1ms(1000);
  22   2            V = GetADCResult(0);
  23   2            V=V*5/4096;
  24   2            sprintf(test,"%.2f",V);
  25   2            OLED_ShowString(1,2,test);
  26   2            
  27   2         }
  28   1      }
*** WARNING C280 IN LINE 12 OF text1.c: 'Vo': unreferenced local variable
*** WARNING C280 IN LINE 12 OF text1.c: 'a': unreferenced local variable


MODULE INFORMATION:   STATIC OVERLAYABLE
   CODE SIZE        =    101    ----
   CONSTANT SIZE    =      5    ----
   XDATA SIZE       =   ----    ----
   PDATA SIZE       =   ----    ----
   DATA SIZE        =   ----      18
   IDATA SIZE       =   ----    ----
   BIT SIZE         =   ----    ----
END OF MODULE INFORMATION.


C51 COMPILATION COMPLETE.  2 WARNING(S),  0 ERROR(S)
