C51 COMPILER V9.53.0.0   TEXT9                                                             06/18/2020 18:33:03 PAGE 1   


C51 COMPILER V9.53.0.0, COMPILATION OF MODULE TEXT9
OBJECT MODULE PLACED IN text9.OBJ
COMPILER INVOKED BY: F:\MDK5\C51\BIN\C51.EXE text9.c OPTIMIZE(8,SPEED) BROWSE DEBUG OBJECTEXTEND TABS(3)

line level    source

   1           
   2          
   3          
   4          
   5          //串口通讯实验  
   6          //这里写好程序 下载到单片机里
   7          //直接 用下载软件的串口助手   以16进制 发送 8A  会接收到  我爱单片机
   8          //此程序虽然很少 但是它有着串口通讯和接收的所有功能  
   9          //需要用串口的朋友只要用它改改就可以实现自己想要的效果 
  10          
  11          
  12          
  13          #include "stc8.h"
  14          
  15          char  code  MESSAGE[]= "我爱单片机 ";
  16          
  17          
  18          
  19          
  20          void main() 
  21          {
  22   1      
  23   1      
  24   1              SCON = 0x50;       //REN=1允许串行接受状态，串口工作模式2          
  25   1             TMOD= 0x20;      //定时器工作方式2       8位 自动重装载定时器  实现波特率                
  26   1      
  27   1            AUXR=0X40;      //开启1T模式   
  28   1            TH1 =TL1= 0xB1;         //  设置波特率为9600  公式 TH1=256-(24000000/32/9600)=256-36=220  0xDC  
  29   1                                    // 如有不明白请查 STC8手册上有详细说明     
  30   1            TR1  = 1;        //开启定时器1                                                      
  31   1            ES   = 1;        //开串口中断                  
  32   1            EA   = 1;        // 开总中断 
  33   1      }
  34          
  35          
  36          
  37          
  38          
  39          
  40          void ISP_Check(unsigned char tmp)
  41          {
  42   1        unsigned char a;
  43   1          if(tmp==0x8A) 
  44   1           {
  45   2         
  46   2           ES= 0;
  47   2           a=0;
  48   2            while(MESSAGE[a]!= '\0')
  49   2               {
  50   3            SBUF = MESSAGE[a];           //SUBF接受/发送缓冲器(又叫串行通信特殊功能寄存器)
  51   3               while(!TI);          // 等特数据传送   (TI发送中断标志)
  52   3             TI = 0;             // 清除数据传送标志
  53   3            
  54   3            a++;                  // 下一个字符
  55   3             } 
C51 COMPILER V9.53.0.0   TEXT9                                                             06/18/2020 18:33:03 PAGE 2   

  56   2       
  57   2           ES= 1;
  58   2           }
  59   1      
  60   1          }   
  61          
  62          
  63          
  64          void Serial_int(void) interrupt 4 using 1
  65          { unsigned char tmp;
  66   1          
  67   1         if (RI) 
  68   1          {
  69   2      
  70   2            tmp = SBUF;
  71   2      
  72   2           ISP_Check(tmp); 
  73   2      
  74   2            RI = 0;
  75   2          }
  76   1      }  


MODULE INFORMATION:   STATIC OVERLAYABLE
   CODE SIZE        =     80    ----
   CONSTANT SIZE    =     12    ----
   XDATA SIZE       =   ----    ----
   PDATA SIZE       =   ----    ----
   DATA SIZE        =   ----    ----
   IDATA SIZE       =   ----    ----
   BIT SIZE         =   ----    ----
END OF MODULE INFORMATION.


C51 COMPILATION COMPLETE.  0 WARNING(S),  0 ERROR(S)
