C51 COMPILER V9.53.0.0   DELAY                                                             06/18/2020 18:06:27 PAGE 1   


C51 COMPILER V9.53.0.0, COMPILATION OF MODULE DELAY
OBJECT MODULE PLACED IN .\delay.obj
COMPILER INVOKED BY: F:\MDK5\C51\BIN\C51.EXE ..\hardware\delay\delay.c OPTIMIZE(8,SPEED) BROWSE INCDIR(..\hardware\delay
                    -;..\hardware\IIC;..\hardware\OLED) DEBUG OBJECTEXTEND PRINT(.\delay.lst) TABS(3) OBJECT(.\delay.obj)

line level    source

   1          #include "delay.h"
   2          
   3          void Delay1ms(int m)    //@24MHz —” ±1ms 
   4          {
   5   1         unsigned int k;
   6   1         unsigned char i, j;
   7   1         
   8   1         for(k = 0; k < m; k++)
   9   1         {
  10   2            i = 31;
  11   2            j = 40;
  12   2            do
  13   2            {
  14   3               while (--j);
  15   3            } while (--i);
  16   2         }
  17   1      }
  18          
  19          
  20          void Delay1us(int m)    //@24.000MHz
  21          {
  22   1         unsigned int k;
  23   1         unsigned char i;
  24   1         for(k = 0;k < m; k++)
  25   1         {
  26   2            i = 6;
  27   2            while (--i);
  28   2         }
  29   1      }
  30          
  31          void delay4us(u16 us)
  32           {
  33   1        u16 i;
  34   1        u8 m;
  35   1        for(i=0;i<us;i++)
  36   1        for(m=0;m<5;m++);
  37   1       }  


MODULE INFORMATION:   STATIC OVERLAYABLE
   CODE SIZE        =     72    ----
   CONSTANT SIZE    =   ----    ----
   XDATA SIZE       =   ----    ----
   PDATA SIZE       =   ----    ----
   DATA SIZE        =   ----    ----
   IDATA SIZE       =   ----    ----
   BIT SIZE         =   ----    ----
END OF MODULE INFORMATION.


C51 COMPILATION COMPLETE.  0 WARNING(S),  0 ERROR(S)
