C51 COMPILER V9.53.0.0   KEY                                                               07/22/2020 14:45:28 PAGE 1   


C51 COMPILER V9.53.0.0, COMPILATION OF MODULE KEY
OBJECT MODULE PLACED IN .\KEY.obj
COMPILER INVOKED BY: F:\MDK5\C51\BIN\C51.EXE ..\hardware\KEY\KEY.c LARGE OMF2 OPTIMIZE(2,SPEED) BROWSE INCDIR(..\hardwar
                    -e\delay;..\hardware\IIC;..\hardware\OLED;..\hardware\ADC;..\hardware\Mpu6050;..\hardware\KEY;..\hardware\LED;..\hardware
                    -\PWM;..\hardware\pca;..\hardware\timer;..\hardware\PID;..\hardware\CCD;..\hardware\UART) DEBUG PRINT(.\KEY.lst) TABS(3) 
                    -OBJECT(.\KEY.obj)

line level    source

   1          #include "KEY.h"
   2          
   3          
   4          u8 KEYScan(u8 key)   //°´¼üÉ¨Ãè¼ì²âº¯Êý
   5          {
   6   1         if(key == 2 )
   7   1         {
   8   2            if(P20 == 0)
   9   2            {
  10   3               Delay1ms(5);
  11   3               if(P20 == 0)
  12   3                  return 2;
  13   3            }
  14   2         }
  15   1         else if(key == 3)
  16   1         {
  17   2            if(P53 == 0)
  18   2            {
  19   3               Delay1ms(5);
  20   3               if(P53 == 0)
  21   3                  return 3;
  22   3            }
  23   2         }
  24   1         else if(key == 4)
  25   1         {
  26   2            if(P52 == 0)
  27   2            {
  28   3               Delay1ms(5);
  29   3               if(P52 == 0)
  30   3                  return 4;
  31   3            }
  32   2         }
  33   1         return 0;
  34   1      
  35   1      }


MODULE INFORMATION:   STATIC OVERLAYABLE
   CODE SIZE        =     83    ----
   CONSTANT SIZE    =   ----    ----
   XDATA SIZE       =   ----       1
   PDATA SIZE       =   ----    ----
   DATA SIZE        =   ----    ----
   IDATA SIZE       =   ----    ----
   BIT SIZE         =   ----    ----
   EDATA SIZE       =   ----    ----
   HDATA SIZE       =   ----    ----
   XDATA CONST SIZE =   ----    ----
   FAR CONST SIZE   =   ----    ----
END OF MODULE INFORMATION.


C51 COMPILATION COMPLETE.  0 WARNING(S),  0 ERROR(S)
