C51 COMPILER V9.53.0.0   MOTOR_CONTROL                                                     07/23/2020 05:03:32 PAGE 1   


C51 COMPILER V9.53.0.0, COMPILATION OF MODULE MOTOR_CONTROL
OBJECT MODULE PLACED IN .\motor_control.obj
COMPILER INVOKED BY: F:\MDK5\C51\BIN\C51.EXE ..\hardware\Motor\motor_control.c LARGE OMF2 OPTIMIZE(2,SPEED) BROWSE INCDI
                    -R(..\hardware\delay;..\hardware\IIC;..\hardware\OLED;..\hardware\ADC;..\hardware\Mpu6050;..\hardware\KEY;..\hardware\LED
                    -;..\hardware\PWM;..\hardware\pca;..\hardware\timer;..\hardware\PID;..\hardware\CCD;..\hardware\UART;..\hardware\Motor) D
                    -EBUG PRINT(.\motor_control.lst) TABS(3) OBJECT(.\motor_control.obj)

line level    source

   1          #include "motor_control.h"
   2          extern struct P_pid pid_angle;
   3          float stand()
   4          {
   5   1      //   char test[10];
   6   1         float set_angle = -102.5,angle_err,pid_return,angle;
   7   1         angle = GetAngle();
   8   1         angle_err = set_angle-angle;
   9   1         if(angle > -30 || angle < -170)
  10   1         {
  11   2            Pwm_set(0,0);
  12   2            return 0;
  13   2         }
  14   1            
  15   1      //   sprintf(test,"%.2f %.2f\r\n",angle,abs(angle_err));
  16   1      //   uart_putstr(test);
  17   1         else
  18   1         {
  19   2            pid_return = PID_realize(angle_err,&pid_angle);
  20   2            return pid_return;
  21   2         }
  22   1         
  23   1      }


MODULE INFORMATION:   STATIC OVERLAYABLE
   CODE SIZE        =    186    ----
   CONSTANT SIZE    =   ----    ----
   XDATA SIZE       =   ----      16
   PDATA SIZE       =   ----    ----
   DATA SIZE        =   ----    ----
   IDATA SIZE       =   ----    ----
   BIT SIZE         =   ----    ----
   EDATA SIZE       =   ----    ----
   HDATA SIZE       =   ----    ----
   XDATA CONST SIZE =   ----    ----
   FAR CONST SIZE   =   ----    ----
END OF MODULE INFORMATION.


C51 COMPILATION COMPLETE.  0 WARNING(S),  0 ERROR(S)
