C51 COMPILER V9.60.0.0   PWM                                                               08/03/2020 05:26:37 PAGE 1   


C51 COMPILER V9.60.0.0, COMPILATION OF MODULE PWM
OBJECT MODULE PLACED IN .\pwm.obj
COMPILER INVOKED BY: D:\keil\C51\BIN\C51.EXE ..\hardware\PWM\pwm.c LARGE OMF2 OPTIMIZE(2,SPEED) BROWSE INCDIR(..\hardwar
                    -e\delay;..\hardware\IIC;..\hardware\OLED;..\hardware\ADC;..\hardware\Mpu6050;..\hardware\KEY;..\hardware\LED;..\hardware
                    -\PWM;..\hardware\pca;..\hardware\timer;..\hardware\PID;..\hardware\CCD;..\hardware\UART;..\hardware\Motor) DEBUG PRINT(.
                    -\pwm.lst) TABS(2) OBJECT(.\pwm.obj)

line level    source

   1          #include "pwm.h"
   2          #include "stc8.h"
   3          
   4          void Pwm_set(float R, float L)
   5          {
   6   1        
   7   1         if (L >= 1500)  //限制进入计算的pid值为5000到-5000之间
   8   1         {
   9   2            L = 1500;
  10   2         }
  11   1         else if (L <= -1500)
  12   1         {
  13   2            L = -1500;
  14   2         }
  15   1      
  16   1         if (R >= 1500)
  17   1         {
  18   2            R = 1500;
  19   2         }
  20   1         else if (R <= -1500)
  21   1         {
  22   2            R = -1500;
  23   2         }
  24   1      
  25   1         P_SW2 = 0x80; //pwm配置
  26   1         PWMCKS = 0x00;
  27   1         PWMC = 0x0600; //设置初始的pwm值
  28   1         if (L < 0)
  29   1         {
  30   2              L = -L;
  31   2            PWM2T1 = (PWMC * (L / 5000)); //T2高电平时间
  32   2            PWM2CR = 0x80;
  33   2            PWM3CR = 0x00;
  34   2            P23 = 0;
  35   2         }
  36   1         else if(L == 0)
  37   1         {
  38   2            PWM2CR = 0x00;
  39   2            PWM3CR = 0x00;
  40   2            P22 = 0;
  41   2            P23 = 0;
  42   2           
  43   2         }
  44   1            
  45   1         else
  46   1         {
  47   2            PWM3T1 = (PWMC * (L / 5000));
  48   2            PWM2CR = 0x00;
  49   2            P22 = 0;
  50   2            PWM3CR = 0x80;
  51   2         }
  52   1         
C51 COMPILER V9.60.0.0   PWM                                                               08/03/2020 05:26:37 PAGE 2   

  53   1         if (R < 0)
  54   1         {
  55   2              R = -R;
  56   2            PWM5T1 = (PWMC * (R / 5000));
  57   2            PWM4CR = 0x00;
  58   2            P24 = 0;
  59   2            PWM5CR = 0x80;
  60   2         }
  61   1         else if(R == 0)
  62   1         {
  63   2            PWM4CR = 0x00;
  64   2            PWM5CR = 0x00;
  65   2            P24 = 0;
  66   2            P25 = 0;
  67   2         }
  68   1         else
  69   1         {
  70   2      
  71   2            PWM4T1 = (PWMC * (R / 5000));
  72   2            PWM5CR = 0x00;
  73   2            P25 = 0;
  74   2            PWM4CR = 0x80;
  75   2         }
  76   1         
  77   1         P_SW2 = 0x00;
  78   1      
  79   1         PWMCR = 0x80; //使能pwm波
  80   1      }


MODULE INFORMATION:   STATIC OVERLAYABLE
   CODE SIZE        =    730    ----
   CONSTANT SIZE    =   ----    ----
   XDATA SIZE       =   ----       8
   PDATA SIZE       =   ----    ----
   DATA SIZE        =   ----    ----
   IDATA SIZE       =   ----    ----
   BIT SIZE         =   ----    ----
   EDATA SIZE       =   ----    ----
   HDATA SIZE       =   ----    ----
   XDATA CONST SIZE =   ----    ----
   FAR CONST SIZE   =   ----    ----
END OF MODULE INFORMATION.


C51 COMPILATION COMPLETE.  0 WARNING(S),  0 ERROR(S)
