C51 COMPILER V9.60.0.0   SEEKFREE_TSL1401                                                  07/20/2020 03:36:37 PAGE 1   


C51 COMPILER V9.60.0.0, COMPILATION OF MODULE SEEKFREE_TSL1401
OBJECT MODULE PLACED IN .\SEEKFREE_TSL1401.obj
COMPILER INVOKED BY: D:\keil\C51\BIN\C51.EXE ..\hardware\CCD\SEEKFREE_TSL1401.c LARGE OMF2 OPTIMIZE(2,SPEED) BROWSE INCD
                    -IR(..\hardware\delay;..\hardware\IIC;..\hardware\OLED;..\hardware\ADC;..\hardware\Mpu6050;..\hardware\KEY;..\hardware\LE
                    -D;..\hardware\PWM;..\hardware\pca;..\hardware\timer;..\hardware\PID;..\hardware\CCD) DEBUG PRINT(.\SEEKFREE_TSL1401.lst)
                    - TABS(2) OBJECT(.\SEEKFREE_TSL1401.obj)

line level    source

   1          /*********************************************************************************************************
             -************
   2           * COPYRIGHT NOTICE
   3           * Copyright (c) 2020,é€é£ç§‘æŠ€
   4           * All rights reserved.
   5           * æŠ€æœ¯è®¨è®ºQQç¾¤ï¼šä¸€ç¾¤ï¼š179029047(å·²æ»¡)  äºŒç¾¤ï¼š244861897(å·²æ»¡)  ä¸‰ç¾¤ï¼š824575535
   6           *
   7           * ä»¥ä¸‹æ‰€æœ‰å†…å®¹ç‰ˆæƒå‡å±é€é£ç§‘æŠ€æ‰€æœ‰ï¼Œæœªç»å…è®¸ä¸å¾—ç”¨äºå•†ä¸šç”¨é€”ï¼Œ
   8           * æ¬¢è¿å„ä½ä½¿ç”¨å¹¶ä¼ æ’­æœ¬ç¨‹åºï¼Œä¿®æ”¹å†…å®¹æ—¶å¿…é¡»ä¿ç•™é€é£ç§‘æŠ€çš„ç‰ˆæƒå£°æ˜ã€‚
   9           *
  10           * @file          main
  11           * @company       æˆéƒ½é€é£ç§‘æŠ€æœ‰é™å…¬å¸
  12           * @author        é€é£ç§‘æŠ€(QQ790875685)
  13           * @version       æŸ¥çœ‹docå†…versionæ–‡ä»¶ ç‰ˆæœ¬è¯´æ˜
  14           * @Software    MDK FOR C51 V9.60
  15           * @Target core   STC8A8K64S4
  16           * @Taobao      https://seekfree.taobao.com/
  17           * @date          2020-4-14
  18           * @note  
  19                    TSL1401æ¥çº¿å®šä¹‰ï¼š
  20                    ------------------------------------ 
  21                        æ¨¡å—ç®¡è„š        å•ç‰‡æœºç®¡è„š
  22                        CCD_AO        æŸ¥çœ‹SEEKFREE_TSL1401.hæ–‡ä»¶ä¸­çš„AD_CHANNEL å®å®šä¹‰
  23                        CCD_CLK       æŸ¥çœ‹SEEKFREE_TSL1401.hæ–‡ä»¶ä¸­çš„CCD_CLK_PINå®å®šä¹‰
  24                        CCD_SI        æŸ¥çœ‹SEEKFREE_TSL1401.hæ–‡ä»¶ä¸­çš„CCD_SI_PIN å®å®šä¹‰
  25                    ------------------------------------ 
  26           *********************************************************************************************************
             -***********/
  27          
  28          
  29          
  30          #include "SEEKFREE_TSL1401.h"
  31          
  32          
  33          u8 tsl1401_finish_flag;
  34          u16 ccd_data[128];                           //CCDæ•°æ®
  35          u8 str[8];
  36          
  37          //--------------------------------------------------------------------------------------------------------
             ------------
  38          //  @brief      TSL1401çº¿é˜µCCDåˆå§‹åŒ–
  39          //  @param      NULL
  40          //  @return     void
  41          //  @since      v1.0
  42          //  Sample usage:     
  43          //--------------------------------------------------------------------------------------------------------
             ------------
  44          void ccd_init(void)     
  45          {       
  46   1          adc_init(AD_CHANNEL, 0x1);   
  47   1        
  48   1        pca_init_interrupt_ms(PCA_0, EXPOSURE_TIME);
C51 COMPILER V9.60.0.0   SEEKFREE_TSL1401                                                  07/20/2020 03:36:37 PAGE 2   

  49   1      }
  50          
  51          //--------------------------------------------------------------------------------------------------------
             ------------
  52          //  @brief      TSL1401çº¿é˜µCCDå›¾åƒå‘é€è‡³ä¸Šä½æœºæŸ¥çœ‹å›¾åƒ
  53          //  @param      uart_n      ä¸²å£å·
  54          //  @param      uart_n      çº¿æ€§CCDæ•°æ®æŒ‡é’ˆ
  55          //  @return     void      
  56          //  @since      v1.0
  57          //  Sample usage:       è°ƒç”¨è¯¥å‡½æ•°å‰è¯·å…ˆåˆå§‹åŒ–ä¸²å£
  58          //--------------------------------------------------------------------------------------------------------
             ------------
  59          void ccd_send_data(UARTN_enum uart_n ,u16 *dat)
  60          {
  61   1         u8 i = 0;
  62   1         uart_putchar(uart_n, 0x00); 
  63   1         uart_putchar(uart_n, 0xff);
  64   1         uart_putchar(uart_n, 0x01);
  65   1         uart_putchar(uart_n, 0x00);
  66   1      
  67   1          for(i=0; i<128; i++)        
  68   1        {
  69   2          uart_putchar(uart_n, (u8)dat[i]>>8);   //å‘é€é«˜8ä½
  70   2          uart_putchar(uart_n, (u8)dat[i]&0XFF); //å‘é€é«˜ä½8ä½                
  71   2        }
  72   1      //    uart_putchar(uart_n, 0x0d);
  73   1      //    uart_putchar(uart_n, 0x0a);
  74   1      //  for(i=0; i<128; i++)        
  75   1      //  {
  76   1      //    sprintf(str, "%d",ccd_data[i]);
  77   1      //    uart_putstr(uart_n,str); 
  78   1      //    uart_putchar(uart_n, 0x20);
  79   1      //  //  uart_putchar(uart_n, (u8)dat[i]>>8);   //å‘é€é«˜8ä½
  80   1      //  //  uart_putchar(uart_n, (u8)dat[i]&0XFF); //å‘é€é«˜ä½8ä½                
  81   1      //  }
  82   1      //    uart_putchar(uart_n, 0x0d);
  83   1      //    uart_putchar(uart_n, 0x0a);
  84   1      }
  85          
  86          
  87          //--------------------------------------------------------------------------------------------------------
             ------------
  88          //  @brief      TSL1401çº¿é˜µCCDæ•°æ®é‡‡é›†
  89          //  @param      NULL
  90          //  @return     void
  91          //  @since      v1.0
  92          //  Sample usage:       åœ¨isr.cé‡Œé¢å…ˆåˆ›å»ºå¯¹åº”çš„ä¸­æ–­å‡½æ•°ï¼Œç„¶åè°ƒç”¨è¯¥å‡½æ•°(ä¹‹ååˆ«å¿˜è®°æ
             -¸…é™¤ä¸­æ–­æ ‡å¿—ä½)
  93          //--------------------------------------------------------------------------------------------------------
             ------------
  94          void ccd_collect(void)
  95          {
  96   1          u8 i = 0;
  97   1      
  98   1          CCD_CLK(1);
  99   1          CCD_SI(0);
 100   1        CCD_CLK(0);
 101   1          CCD_SI(1);
 102   1          CCD_CLK(1);
 103   1          CCD_SI(0);
 104   1        
 105   1          for(i=0;i<128;i++)
C51 COMPILER V9.60.0.0   SEEKFREE_TSL1401                                                  07/20/2020 03:36:37 PAGE 3   

 106   1          {
 107   2          CCD_CLK(0);  
 108   2          ccd_data[i] = adc_once(AD_CHANNEL, ADC_10BIT); 
 109   2          CCD_CLK(1); 
 110   2      
 111   2          }
 112   1      }


MODULE INFORMATION:   STATIC OVERLAYABLE
   CODE SIZE        =    278    ----
   CONSTANT SIZE    =   ----    ----
   XDATA SIZE       =    265       6
   PDATA SIZE       =   ----    ----
   DATA SIZE        =   ----    ----
   IDATA SIZE       =   ----    ----
   BIT SIZE         =   ----    ----
   EDATA SIZE       =   ----    ----
   HDATA SIZE       =   ----    ----
   XDATA CONST SIZE =   ----    ----
   FAR CONST SIZE   =   ----    ----
END OF MODULE INFORMATION.


C51 COMPILATION COMPLETE.  0 WARNING(S),  0 ERROR(S)
