C51 COMPILER V9.53.0.0   TEXT1                                                             07/16/2020 15:50:31 PAGE 1   


C51 COMPILER V9.53.0.0, COMPILATION OF MODULE TEXT1
OBJECT MODULE PLACED IN text1.OBJ
COMPILER INVOKED BY: F:\MDK5\C51\BIN\C51.EXE text1.c LARGE OMF2 OPTIMIZE(2,SPEED) BROWSE INCDIR(..\hardware\delay;..\har
                    -dware\IIC;..\hardware\OLED;..\hardware\ADC;..\hardware\Mpu6050;..\hardware\KEY;..\hardware\LED;..\hardware\PWM;..\hardwa
                    -re\pca;..\hardware\timer;..\hardware\PID) DEBUG TABS(3)

line level    source

   1          #include "stc8.h"
   2          #include "delay.h"
   3          #include "i2c.h"
   4          #include "oled.h"
   5          #include "common.h"
   6          #include "adc.h"
   7          #include <stdio.h>
   8          #include <math.h>
   9          #include "SEEKFREE_IIC.h"
  10          #include "SEEKFREE_MPU6050.h"
  11          #include "LED.h"
  12          #include "pwm.h"
  13          #include "pca.h"
  14          #include "timer.h"
  15          
  16          extern int mpu_gyro_x, mpu_gyro_y, mpu_gyro_z;
  17          extern int flag;
  18          
  19          extern unsigned long length;
  20          void main(void)
  21          {
  22   1            char i;
  23   1            int dat1, dat2 = 2;
  24   1            char test[20] = "abc";
  25   1            OLED_Init();
  26   1            //simiic_init();
  27   1            //mpu6050_init();
  28   1            //pca_input_init();
  29   1            //speed_count_init();
  30   1            //Timer_uart_init();
  31   1            //Timer0_init();
  32   1            while (1)
  33   1            {
  34   2                  Pwm_set(50, 50);
  35   2      //            if (flag == 1)
  36   2      //            {
  37   2      //                  EA = 0;
  38   2      //                  flag = 0;
  39   2      //                  dat1 = (int)(T3H << 8);
  40   2      //                  dat1 = dat1 | (int)T3L;
  41   2      //                  dat2 = (int)(T4H << 8);
  42   2      //                  dat2 = dat2 | (int)T4L;
  43   2      //                  T4T3M = 0x44;
  44   2      //                  T3H = 0;
  45   2      //                  T3L = 0;
  46   2      //                  T4H = 0;
  47   2      //                  T4L = 0;
  48   2      //                  T4T3M = 0xcc;
  49   2      //                  //dat1 = 0;
  50   2      
  51   2      //                  //sprintf(test, "%d %d \n",5,10);
  52   2      //                  //                  for (i = 0; test[i] != '\0'; i++)
  53   2      //                  //                  {
C51 COMPILER V9.53.0.0   TEXT1                                                             07/16/2020 15:50:31 PAGE 2   

  54   2      //                  //                        SBUF = test[i]; //SUBF接受/发送缓冲器(又叫串行通信特殊功能寄
             -存器)
  55   2      //                  //                        while (!TI)
  56   2      //                  //                              ; // 等特数据传送   (TI发送中断标志)
  57   2      //                  //                        TI = 0; // 清除数据传送标志
  58   2      //                  //                  }
  59   2      //                  EA = 1;
  60   2      //            }
  61   2      //            OLED_ShowNum(0, 0, dat1, 5);
  62   2      //            OLED_ShowNum(0, 1, dat2, 5);
  63   2      
  64   2                  //mpu6050_get_accdata();
  65   2                  //mpu6050_get_gyro();
  66   2      
  67   2                  //sprintf(test,"%d %d %d",mpu_gyro_x,mpu_gyro_y,mpu_gyro_z);
  68   2                  //OLED_ShowString(0,3,test);
  69   2                  Delay1ms(10);
  70   2                  //LED = 0;
  71   2      
  72   2                  //TR0 = 0;
  73   2            }
  74   1      }
*** WARNING C280 IN LINE 22 OF text1.c: 'i': unreferenced local variable
*** WARNING C280 IN LINE 23 OF text1.c: 'dat1': unreferenced local variable


MODULE INFORMATION:   STATIC OVERLAYABLE
   CODE SIZE        =     80    ----
   CONSTANT SIZE    =     20    ----
   XDATA SIZE       =   ----      25
   PDATA SIZE       =   ----    ----
   DATA SIZE        =   ----    ----
   IDATA SIZE       =   ----    ----
   BIT SIZE         =   ----    ----
   EDATA SIZE       =   ----    ----
   HDATA SIZE       =   ----    ----
   XDATA CONST SIZE =   ----    ----
   FAR CONST SIZE   =   ----    ----
END OF MODULE INFORMATION.


C51 COMPILATION COMPLETE.  2 WARNING(S),  0 ERROR(S)
